<?xml version="1.0" encoding="UTF-8"?>
<!-- Generated by org.testng.reporters.JUnitXMLReporter -->
<testsuite hostname="DESKTOP-PKMC2016" name="Default test" tests="2" failures="0" timestamp="15 Mar 2017 18:26:21 GMT" time="27.525" errors="0">
  <testcase name="hotelCheckin" time="26.614" classname="com.qtpselenium.core.hybrid.testcases.HotelCheckin"/>
  <testcase name="hotelCheckin" time="0.002" classname="com.qtpselenium.core.hybrid.testcases.HotelCheckin">
    <skipped/>
  </testcase> <!-- hotelCheckin -->
</testsuite> <!-- Default test -->
