<?xml version="1.0" encoding="UTF-8"?>
<!-- Generated by org.testng.reporters.JUnitXMLReporter -->
<testsuite hostname="DESKTOP-PKMC2016" name="Filter Mobile Test" tests="2" failures="0" timestamp="24 Feb 2017 15:40:48 GMT" time="101.03" errors="0">
  <testcase name="filterMobileTest" time="51.282" classname="com.qtpselenium.core.hybrid.product.FilterMobileTest"/>
  <testcase name="filterMobileTest" time="47.811" classname="com.qtpselenium.core.hybrid.product.FilterMobileTest"/>
</testsuite> <!-- Filter Mobile Test -->
