<?xml version="1.0" encoding="UTF-8"?>
<testng-results skipped="1" failed="0" total="2" passed="1">
  <reporter-output>
  </reporter-output>
  <suite name="Default suite" duration-ms="27525" started-at="2017-03-15T18:25:54Z" finished-at="2017-03-15T18:26:21Z">
    <groups>
    </groups>
    <test name="Default test" duration-ms="27525" started-at="2017-03-15T18:25:54Z" finished-at="2017-03-15T18:26:21Z">
      <class name="com.qtpselenium.core.hybrid.testcases.HotelCheckin">
        <test-method status="PASS" signature="init()[pri:0, instance:com.qtpselenium.core.hybrid.testcases.HotelCheckin@29ba4338]" name="init" is-config="true" duration-ms="551" started-at="2017-03-15T14:25:54Z" finished-at="2017-03-15T14:25:54Z">
          <reporter-output>
          </reporter-output>
        </test-method> <!-- init -->
        <test-method status="PASS" signature="hotelCheckin(java.util.Hashtable)[pri:0, instance:com.qtpselenium.core.hybrid.testcases.HotelCheckin@29ba4338]" name="hotelCheckin" duration-ms="26614" started-at="2017-03-15T14:25:54Z" data-provider="getData" finished-at="2017-03-15T14:26:21Z">
          <params>
            <param index="0">
              <value>
                <![CDATA[{FromCity=New York (JFK), ReturnCal=08/25/2017, DepartCal=05/02/2017, Runmode=Y, Browser=Chrome}]]>
              </value>
            </param>
          </params>
          <reporter-output>
          </reporter-output>
        </test-method> <!-- hotelCheckin -->
        <test-method status="PASS" signature="quit()[pri:0, instance:com.qtpselenium.core.hybrid.testcases.HotelCheckin@29ba4338]" name="quit" is-config="true" duration-ms="282" started-at="2017-03-15T14:26:21Z" finished-at="2017-03-15T14:26:21Z">
          <reporter-output>
          </reporter-output>
        </test-method> <!-- quit -->
        <test-method status="SKIP" signature="hotelCheckin(java.util.Hashtable)[pri:0, instance:com.qtpselenium.core.hybrid.testcases.HotelCheckin@29ba4338]" name="hotelCheckin" duration-ms="2" started-at="2017-03-15T14:26:21Z" data-provider="getData" finished-at="2017-03-15T14:26:21Z">
          <params>
            <param index="0">
              <value>
                <![CDATA[{FromCity=New York (JFK), ReturnCal=11/25/2017, DepartCal=06/02/2017, Runmode=N, Browser=Mozilla}]]>
              </value>
            </param>
          </params>
          <exception class="org.testng.SkipException">
            <message>
              <![CDATA[Skipping the test as runmode is N]]>
            </message>
            <full-stacktrace>
              <![CDATA[org.testng.SkipException: Skipping the test as runmode is N
	at com.qtpselenium.core.hybrid.testcases.HotelCheckin.hotelCheckin(HotelCheckin.java:40)
	at sun.reflect.NativeMethodAccessorImpl.invoke0(Native Method)
	at sun.reflect.NativeMethodAccessorImpl.invoke(Unknown Source)
	at sun.reflect.DelegatingMethodAccessorImpl.invoke(Unknown Source)
	at java.lang.reflect.Method.invoke(Unknown Source)
	at org.testng.internal.MethodInvocationHelper.invokeMethod(MethodInvocationHelper.java:85)
	at org.testng.internal.Invoker.invokeMethod(Invoker.java:639)
	at org.testng.internal.Invoker.invokeTestMethod(Invoker.java:821)
	at org.testng.internal.Invoker.invokeTestMethods(Invoker.java:1131)
	at org.testng.internal.TestMethodWorker.invokeTestMethods(TestMethodWorker.java:124)
	at org.testng.internal.TestMethodWorker.run(TestMethodWorker.java:108)
	at org.testng.TestRunner.privateRun(TestRunner.java:773)
	at org.testng.TestRunner.run(TestRunner.java:623)
	at org.testng.SuiteRunner.runTest(SuiteRunner.java:357)
	at org.testng.SuiteRunner.runSequentially(SuiteRunner.java:352)
	at org.testng.SuiteRunner.privateRun(SuiteRunner.java:310)
	at org.testng.SuiteRunner.run(SuiteRunner.java:259)
	at org.testng.SuiteRunnerWorker.runSuite(SuiteRunnerWorker.java:52)
	at org.testng.SuiteRunnerWorker.run(SuiteRunnerWorker.java:86)
	at org.testng.TestNG.runSuitesSequentially(TestNG.java:1185)
	at org.testng.TestNG.runSuitesLocally(TestNG.java:1110)
	at org.testng.TestNG.run(TestNG.java:1018)
	at org.testng.remote.AbstractRemoteTestNG.run(AbstractRemoteTestNG.java:132)
	at org.testng.remote.RemoteTestNG.initAndRun(RemoteTestNG.java:236)
	at org.testng.remote.RemoteTestNG.main(RemoteTestNG.java:81)
]]>
            </full-stacktrace>
          </exception> <!-- org.testng.SkipException -->
          <reporter-output>
          </reporter-output>
        </test-method> <!-- hotelCheckin -->
        <test-method status="PASS" signature="quit()[pri:0, instance:com.qtpselenium.core.hybrid.testcases.HotelCheckin@29ba4338]" name="quit" is-config="true" duration-ms="51" started-at="2017-03-15T14:26:21Z" finished-at="2017-03-15T14:26:21Z">
          <reporter-output>
          </reporter-output>
        </test-method> <!-- quit -->
      </class> <!-- com.qtpselenium.core.hybrid.testcases.HotelCheckin -->
    </test> <!-- Default test -->
  </suite> <!-- Default suite -->
</testng-results>
